终端机在文法中未使用

    AGGREGATION_FUNC_VALUE
    PATH
    STRING_V


状态 103冲突：1 项偏移/归约


语法

    0 $accept: commands $end

    1 commands: ε
    2         | commands command

    3 command: select
    4        | insert
    5        | update
    6        | delete
    7        | create_table
    8        | drop_table
    9        | show_tables
   10        | desc_table
   11        | create_index
   12        | drop_index
   13        | show_index
   14        | sync
   15        | begin
   16        | commit
   17        | rollback
   18        | load_data
   19        | help
   20        | exit

   21 exit: EXIT SEMICOLON

   22 help: HELP SEMICOLON

   23 sync: SYNC SEMICOLON

   24 begin: TRX_BEGIN SEMICOLON

   25 commit: TRX_COMMIT SEMICOLON

   26 rollback: TRX_ROLLBACK SEMICOLON

   27 drop_table: DROP TABLE ID SEMICOLON

   28 show_tables: SHOW TABLES SEMICOLON

   29 desc_table: DESC ID SEMICOLON

   30 create_index: CREATE INDEX ID ON ID LBRACE ID RBRACE SEMICOLON

   31 drop_index: DROP INDEX ID SEMICOLON

   32 show_index: SHOW INDEX FROM ID SEMICOLON

   33 create_table: CREATE TABLE ID LBRACE attr_def attr_def_list RBRACE SEMICOLON

   34 attr_def_list: ε
   35              | COMMA attr_def attr_def_list

   36 attr_def: ID_get type LBRACE number RBRACE
   37         | ID_get type
   38         | ID_get type NULLABLE LBRACE number RBRACE
   39         | ID_get type NULLABLE

   40 number: NUMBER

   41 type: INT_T
   42     | STRING_T
   43     | FLOAT_T
   44     | DATE_T
   45     | TEXT_T

   46 ID_get: ID

   47 insert: INSERT INTO ID VALUES value_tuple value_tuple_list SEMICOLON

   48 value_tuple: LBRACE value value_list RBRACE

   49 value_tuple_list: ε
   50                 | COMMA value_tuple value_tuple_list

   51 value_list: ε
   52           | COMMA value value_list

   53 value: NUMBER
   54      | FLOAT
   55      | DATE_STR
   56      | NULL_
   57      | SSS

   58 delete: DELETE FROM ID where SEMICOLON

   59 update: UPDATE ID SET ID EQ value where SEMICOLON

   60 select: SELECT select_list FROM rel where group_by having order_by SEMICOLON

   61 select_list: STAR
   62            | selects_expression_all

   63 selects_expression_all: expr
   64                       | expr AS ID
   65                       | selects_expression_all COMMA selects_expression_all

   66 expr: expr PLUS expr
   67     | expr MINUS expr
   68     | expr STAR expr
   69     | expr DIV expr
   70     | LBRACE expr RBRACE
   71     | MINUS expr
   72     | expr_cell

   73 expr_cell: ID
   74          | ID DOT ID
   75          | AGGREGATION_FUNC LBRACE ID RBRACE
   76          | AGGREGATION_FUNC LBRACE ID DOT ID RBRACE
   77          | AGGREGATION_FUNC LBRACE STAR RBRACE
   78          | AGGREGATION_FUNC LBRACE number RBRACE
   79          | value

   80 rel: ID rel_list
   81    | ID AS ID rel_list

   82 rel_list: ε
   83         | COMMA ID rel_list
   84         | COMMA ID AS ID rel_list
   85         | INNER JOIN ID rel_list
   86         | INNER JOIN ID AS ID rel_list
   87         | INNER JOIN ID ON condition condition_list rel_list
   88         | INNER JOIN ID AS ID ON condition condition_list rel_list

   89 where: ε
   90      | WHERE condition condition_list

   91 condition: condition_expression_all comOp condition_expression_all

   92 condition_list: ε
   93               | AND condition condition_list

   94 having: ε
   95       | HAVING having_condition having_condition_list

   96 having_condition: condition_expression_all comOp condition_expression_all

   97 having_condition_list: ε
   98                      | AND having_condition having_condition_list

   99 group_by: ε
  100         | GROUP BY ID group_by_rel_list
  101         | GROUP BY ID DOT ID group_by_rel_list

  102 group_by_rel_list: ε
  103                  | COMMA ID group_by_rel_list
  104                  | COMMA ID DOT ID group_by_rel_list

  105 order_by: ε
  106         | ORDER BY ID od_type order_by_info
  107         | ORDER BY ID DOT ID od_type order_by_info

  108 od_type: ε
  109        | ASC
  110        | DESC

  111 order_by_info: ε
  112              | COMMA ID od_type order_by_info
  113              | COMMA ID DOT ID od_type order_by_info

  114 condition_expression_all: expr

  115 comOp: EQ
  116      | LT
  117      | GT
  118      | LE
  119      | GE
  120      | NE
  121      | NOT LIKE_
  122      | LIKE_

  123 load_data: LOAD DATA INFILE SSS INTO TABLE ID SEMICOLON


终结语词，附有它们出现处的规则

    $end (0) 0
    error (256)
    SEMICOLON (258) 21 22 23 24 25 26 27 28 29 30 31 32 33 47 58 59 60 123
    CREATE (259) 30 33
    DROP (260) 27 31
    TABLE (261) 27 33 123
    TABLES (262) 28
    INDEX (263) 30 31 32
    SELECT (264) 60
    DESC (265) 29 110
    ASC (266) 109
    SHOW (267) 28 32
    SYNC (268) 23
    INSERT (269) 47
    DELETE (270) 58
    UPDATE (271) 59
    LBRACE (272) 30 33 36 38 48 70 75 76 77 78
    RBRACE (273) 30 33 36 38 48 70 75 76 77 78
    COMMA (274) 35 50 52 65 83 84 103 104 112 113
    TRX_BEGIN (275) 24
    TRX_COMMIT (276) 25
    TRX_ROLLBACK (277) 26
    DATE_T (278) 44
    INT_T (279) 41
    STRING_T (280) 42
    FLOAT_T (281) 43
    TEXT_T (282) 45
    HELP (283) 22
    EXIT (284) 21
    DOT (285) 74 76 101 104 107 113
    INTO (286) 47 123
    VALUES (287) 47
    FROM (288) 32 58 60
    INNER (289) 85 86 87 88
    JOIN (290) 85 86 87 88
    WHERE (291) 90
    AND (292) 93 98
    SET (293) 59
    ON (294) 30 87 88
    LOAD (295) 123
    DATA (296) 123
    INFILE (297) 123
    NOT (298) 121
    LIKE_ (299) 121 122
    GROUP (300) 100 101
    BY (301) 100 101 106 107
    ORDER (302) 106 107
    HAVING (303) 95
    AS (304) 64 81 84 86 88
    NULLABLE (305) 38 39
    NULL_ (306) 56
    EQ (307) 59 115
    LT (308) 116
    GT (309) 117
    LE (310) 118
    GE (311) 119
    NE (312) 120
    PLUS (313) 66
    DIV (314) 69
    MINUS (315) 67 71
    NUMBER <number> (316) 40 53
    FLOAT <floats> (317) 54
    ID <string> (318) 27 29 30 31 32 33 46 47 58 59 64 73 74 75 76 80 81 83 84 85 86 87 88 100 101 103 104 106 107 112 113 123
    AGGREGATION_FUNC <string> (319) 75 76 77 78
    AGGREGATION_FUNC_VALUE <string> (320)
    PATH <string> (321)
    SSS <string> (322) 57 123
    STAR <string> (323) 61 68 77
    STRING_V <string> (324)
    DATE_STR <string> (325) 55
    U_neg (326)


非终结语词，附有它们出现处的规则

    $accept (72)
        on left: 0
    commands (73)
        on left: 1 2
        on right: 0 2
    command (74)
        on left: 3 4 5 6 7 8 9 10 11 12 13 14 15 16 17 18 19 20
        on right: 2
    exit (75)
        on left: 21
        on right: 20
    help (76)
        on left: 22
        on right: 19
    sync (77)
        on left: 23
        on right: 14
    begin (78)
        on left: 24
        on right: 15
    commit (79)
        on left: 25
        on right: 16
    rollback (80)
        on left: 26
        on right: 17
    drop_table (81)
        on left: 27
        on right: 8
    show_tables (82)
        on left: 28
        on right: 9
    desc_table (83)
        on left: 29
        on right: 10
    create_index (84)
        on left: 30
        on right: 11
    drop_index (85)
        on left: 31
        on right: 12
    show_index (86)
        on left: 32
        on right: 13
    create_table (87)
        on left: 33
        on right: 7
    attr_def_list (88)
        on left: 34 35
        on right: 33 35
    attr_def (89)
        on left: 36 37 38 39
        on right: 33 35
    number <number> (90)
        on left: 40
        on right: 36 38 78
    type <number> (91)
        on left: 41 42 43 44 45
        on right: 36 37 38 39
    ID_get (92)
        on left: 46
        on right: 36 37 38 39
    insert (93)
        on left: 47
        on right: 4
    value_tuple (94)
        on left: 48
        on right: 47 50
    value_tuple_list (95)
        on left: 49 50
        on right: 47 50
    value_list (96)
        on left: 51 52
        on right: 48 52
    value <value1> (97)
        on left: 53 54 55 56 57
        on right: 48 52 59 79
    delete (98)
        on left: 58
        on right: 6
    update (99)
        on left: 59
        on right: 5
    select (100)
        on left: 60
        on right: 3
    select_list (101)
        on left: 61 62
        on right: 60
    selects_expression_all (102)
        on left: 63 64 65
        on right: 62 65
    expr (103)
        on left: 66 67 68 69 70 71 72
        on right: 63 64 66 67 68 69 70 71 114
    expr_cell (104)
        on left: 73 74 75 76 77 78 79
        on right: 72
    rel (105)
        on left: 80 81
        on right: 60
    rel_list (106)
        on left: 82 83 84 85 86 87 88
        on right: 80 81 83 84 85 86 87 88
    where (107)
        on left: 89 90
        on right: 58 59 60
    condition <condition1> (108)
        on left: 91
        on right: 87 88 90 93
    condition_list (109)
        on left: 92 93
        on right: 87 88 90 93
    having (110)
        on left: 94 95
        on right: 60
    having_condition (111)
        on left: 96
        on right: 95 98
    having_condition_list (112)
        on left: 97 98
        on right: 95 98
    group_by (113)
        on left: 99 100 101
        on right: 60
    group_by_rel_list (114)
        on left: 102 103 104
        on right: 100 101 103 104
    order_by (115)
        on left: 105 106 107
        on right: 60
    od_type <number> (116)
        on left: 108 109 110
        on right: 106 107 112 113
    order_by_info (117)
        on left: 111 112 113
        on right: 106 107 112 113
    condition_expression_all (118)
        on left: 114
        on right: 91 96
    comOp (119)
        on left: 115 116 117 118 119 120 121 122
        on right: 91 96
    load_data (120)
        on left: 123
        on right: 18


状态 0

    0 $accept: • commands $end

    $default  使用规则 1 以归约 (commands)

    commands  转到状态 1


状态 1

    0 $accept: commands • $end
    2 commands: commands • command

    $end          偏移，并进入状态 2
    CREATE        偏移，并进入状态 3
    DROP          偏移，并进入状态 4
    SELECT        偏移，并进入状态 5
    DESC          偏移，并进入状态 6
    SHOW          偏移，并进入状态 7
    SYNC          偏移，并进入状态 8
    INSERT        偏移，并进入状态 9
    DELETE        偏移，并进入状态 10
    UPDATE        偏移，并进入状态 11
    TRX_BEGIN     偏移，并进入状态 12
    TRX_COMMIT    偏移，并进入状态 13
    TRX_ROLLBACK  偏移，并进入状态 14
    HELP          偏移，并进入状态 15
    EXIT          偏移，并进入状态 16
    LOAD          偏移，并进入状态 17

    command       转到状态 18
    exit          转到状态 19
    help          转到状态 20
    sync          转到状态 21
    begin         转到状态 22
    commit        转到状态 23
    rollback      转到状态 24
    drop_table    转到状态 25
    show_tables   转到状态 26
    desc_table    转到状态 27
    create_index  转到状态 28
    drop_index    转到状态 29
    show_index    转到状态 30
    create_table  转到状态 31
    insert        转到状态 32
    delete        转到状态 33
    update        转到状态 34
    select        转到状态 35
    load_data     转到状态 36


状态 2

    0 $accept: commands $end •

    $default  接受


状态 3

   30 create_index: CREATE • INDEX ID ON ID LBRACE ID RBRACE SEMICOLON
   33 create_table: CREATE • TABLE ID LBRACE attr_def attr_def_list RBRACE SEMICOLON

    TABLE  偏移，并进入状态 37
    INDEX  偏移，并进入状态 38


状态 4

   27 drop_table: DROP • TABLE ID SEMICOLON
   31 drop_index: DROP • INDEX ID SEMICOLON

    TABLE  偏移，并进入状态 39
    INDEX  偏移，并进入状态 40


状态 5

   60 select: SELECT • select_list FROM rel where group_by having order_by SEMICOLON

    LBRACE            偏移，并进入状态 41
    NULL_             偏移，并进入状态 42
    MINUS             偏移，并进入状态 43
    NUMBER            偏移，并进入状态 44
    FLOAT             偏移，并进入状态 45
    ID                偏移，并进入状态 46
    AGGREGATION_FUNC  偏移，并进入状态 47
    SSS               偏移，并进入状态 48
    STAR              偏移，并进入状态 49
    DATE_STR          偏移，并进入状态 50

    value                   转到状态 51
    select_list             转到状态 52
    selects_expression_all  转到状态 53
    expr                    转到状态 54
    expr_cell               转到状态 55


状态 6

   29 desc_table: DESC • ID SEMICOLON

    ID  偏移，并进入状态 56


状态 7

   28 show_tables: SHOW • TABLES SEMICOLON
   32 show_index: SHOW • INDEX FROM ID SEMICOLON

    TABLES  偏移，并进入状态 57
    INDEX   偏移，并进入状态 58


状态 8

   23 sync: SYNC • SEMICOLON

    SEMICOLON  偏移，并进入状态 59


状态 9

   47 insert: INSERT • INTO ID VALUES value_tuple value_tuple_list SEMICOLON

    INTO  偏移，并进入状态 60


状态 10

   58 delete: DELETE • FROM ID where SEMICOLON

    FROM  偏移，并进入状态 61


状态 11

   59 update: UPDATE • ID SET ID EQ value where SEMICOLON

    ID  偏移，并进入状态 62


状态 12

   24 begin: TRX_BEGIN • SEMICOLON

    SEMICOLON  偏移，并进入状态 63


状态 13

   25 commit: TRX_COMMIT • SEMICOLON

    SEMICOLON  偏移，并进入状态 64


状态 14

   26 rollback: TRX_ROLLBACK • SEMICOLON

    SEMICOLON  偏移，并进入状态 65


状态 15

   22 help: HELP • SEMICOLON

    SEMICOLON  偏移，并进入状态 66


状态 16

   21 exit: EXIT • SEMICOLON

    SEMICOLON  偏移，并进入状态 67


状态 17

  123 load_data: LOAD • DATA INFILE SSS INTO TABLE ID SEMICOLON

    DATA  偏移，并进入状态 68


状态 18

    2 commands: commands command •

    $default  使用规则 2 以归约 (commands)


状态 19

   20 command: exit •

    $default  使用规则 20 以归约 (command)


状态 20

   19 command: help •

    $default  使用规则 19 以归约 (command)


状态 21

   14 command: sync •

    $default  使用规则 14 以归约 (command)


状态 22

   15 command: begin •

    $default  使用规则 15 以归约 (command)


状态 23

   16 command: commit •

    $default  使用规则 16 以归约 (command)


状态 24

   17 command: rollback •

    $default  使用规则 17 以归约 (command)


状态 25

    8 command: drop_table •

    $default  使用规则 8 以归约 (command)


状态 26

    9 command: show_tables •

    $default  使用规则 9 以归约 (command)


状态 27

   10 command: desc_table •

    $default  使用规则 10 以归约 (command)


状态 28

   11 command: create_index •

    $default  使用规则 11 以归约 (command)


状态 29

   12 command: drop_index •

    $default  使用规则 12 以归约 (command)


状态 30

   13 command: show_index •

    $default  使用规则 13 以归约 (command)


状态 31

    7 command: create_table •

    $default  使用规则 7 以归约 (command)


状态 32

    4 command: insert •

    $default  使用规则 4 以归约 (command)


状态 33

    6 command: delete •

    $default  使用规则 6 以归约 (command)


状态 34

    5 command: update •

    $default  使用规则 5 以归约 (command)


状态 35

    3 command: select •

    $default  使用规则 3 以归约 (command)


状态 36

   18 command: load_data •

    $default  使用规则 18 以归约 (command)


状态 37

   33 create_table: CREATE TABLE • ID LBRACE attr_def attr_def_list RBRACE SEMICOLON

    ID  偏移，并进入状态 69


状态 38

   30 create_index: CREATE INDEX • ID ON ID LBRACE ID RBRACE SEMICOLON

    ID  偏移，并进入状态 70


状态 39

   27 drop_table: DROP TABLE • ID SEMICOLON

    ID  偏移，并进入状态 71


状态 40

   31 drop_index: DROP INDEX • ID SEMICOLON

    ID  偏移，并进入状态 72


状态 41

   70 expr: LBRACE • expr RBRACE

    LBRACE            偏移，并进入状态 41
    NULL_             偏移，并进入状态 42
    MINUS             偏移，并进入状态 43
    NUMBER            偏移，并进入状态 44
    FLOAT             偏移，并进入状态 45
    ID                偏移，并进入状态 46
    AGGREGATION_FUNC  偏移，并进入状态 47
    SSS               偏移，并进入状态 48
    DATE_STR          偏移，并进入状态 50

    value      转到状态 51
    expr       转到状态 73
    expr_cell  转到状态 55


状态 42

   56 value: NULL_ •

    $default  使用规则 56 以归约 (value)


状态 43

   71 expr: MINUS • expr

    LBRACE            偏移，并进入状态 41
    NULL_             偏移，并进入状态 42
    MINUS             偏移，并进入状态 43
    NUMBER            偏移，并进入状态 44
    FLOAT             偏移，并进入状态 45
    ID                偏移，并进入状态 46
    AGGREGATION_FUNC  偏移，并进入状态 47
    SSS               偏移，并进入状态 48
    DATE_STR          偏移，并进入状态 50

    value      转到状态 51
    expr       转到状态 74
    expr_cell  转到状态 55


状态 44

   53 value: NUMBER •

    $default  使用规则 53 以归约 (value)


状态 45

   54 value: FLOAT •

    $default  使用规则 54 以归约 (value)


状态 46

   73 expr_cell: ID •
   74          | ID • DOT ID

    DOT  偏移，并进入状态 75

    $default  使用规则 73 以归约 (expr_cell)


状态 47

   75 expr_cell: AGGREGATION_FUNC • LBRACE ID RBRACE
   76          | AGGREGATION_FUNC • LBRACE ID DOT ID RBRACE
   77          | AGGREGATION_FUNC • LBRACE STAR RBRACE
   78          | AGGREGATION_FUNC • LBRACE number RBRACE

    LBRACE  偏移，并进入状态 76


状态 48

   57 value: SSS •

    $default  使用规则 57 以归约 (value)


状态 49

   61 select_list: STAR •

    $default  使用规则 61 以归约 (select_list)


状态 50

   55 value: DATE_STR •

    $default  使用规则 55 以归约 (value)


状态 51

   79 expr_cell: value •

    $default  使用规则 79 以归约 (expr_cell)


状态 52

   60 select: SELECT select_list • FROM rel where group_by having order_by SEMICOLON

    FROM  偏移，并进入状态 77


状态 53

   62 select_list: selects_expression_all •
   65 selects_expression_all: selects_expression_all • COMMA selects_expression_all

    COMMA  偏移，并进入状态 78

    $default  使用规则 62 以归约 (select_list)


状态 54

   63 selects_expression_all: expr •
   64                       | expr • AS ID
   66 expr: expr • PLUS expr
   67     | expr • MINUS expr
   68     | expr • STAR expr
   69     | expr • DIV expr

    AS     偏移，并进入状态 79
    PLUS   偏移，并进入状态 80
    DIV    偏移，并进入状态 81
    MINUS  偏移，并进入状态 82
    STAR   偏移，并进入状态 83

    $default  使用规则 63 以归约 (selects_expression_all)


状态 55

   72 expr: expr_cell •

    $default  使用规则 72 以归约 (expr)


状态 56

   29 desc_table: DESC ID • SEMICOLON

    SEMICOLON  偏移，并进入状态 84


状态 57

   28 show_tables: SHOW TABLES • SEMICOLON

    SEMICOLON  偏移，并进入状态 85


状态 58

   32 show_index: SHOW INDEX • FROM ID SEMICOLON

    FROM  偏移，并进入状态 86


状态 59

   23 sync: SYNC SEMICOLON •

    $default  使用规则 23 以归约 (sync)


状态 60

   47 insert: INSERT INTO • ID VALUES value_tuple value_tuple_list SEMICOLON

    ID  偏移，并进入状态 87


状态 61

   58 delete: DELETE FROM • ID where SEMICOLON

    ID  偏移，并进入状态 88


状态 62

   59 update: UPDATE ID • SET ID EQ value where SEMICOLON

    SET  偏移，并进入状态 89


状态 63

   24 begin: TRX_BEGIN SEMICOLON •

    $default  使用规则 24 以归约 (begin)


状态 64

   25 commit: TRX_COMMIT SEMICOLON •

    $default  使用规则 25 以归约 (commit)


状态 65

   26 rollback: TRX_ROLLBACK SEMICOLON •

    $default  使用规则 26 以归约 (rollback)


状态 66

   22 help: HELP SEMICOLON •

    $default  使用规则 22 以归约 (help)


状态 67

   21 exit: EXIT SEMICOLON •

    $default  使用规则 21 以归约 (exit)


状态 68

  123 load_data: LOAD DATA • INFILE SSS INTO TABLE ID SEMICOLON

    INFILE  偏移，并进入状态 90


状态 69

   33 create_table: CREATE TABLE ID • LBRACE attr_def attr_def_list RBRACE SEMICOLON

    LBRACE  偏移，并进入状态 91


状态 70

   30 create_index: CREATE INDEX ID • ON ID LBRACE ID RBRACE SEMICOLON

    ON  偏移，并进入状态 92


状态 71

   27 drop_table: DROP TABLE ID • SEMICOLON

    SEMICOLON  偏移，并进入状态 93


状态 72

   31 drop_index: DROP INDEX ID • SEMICOLON

    SEMICOLON  偏移，并进入状态 94


状态 73

   66 expr: expr • PLUS expr
   67     | expr • MINUS expr
   68     | expr • STAR expr
   69     | expr • DIV expr
   70     | LBRACE expr • RBRACE

    RBRACE  偏移，并进入状态 95
    PLUS    偏移，并进入状态 80
    DIV     偏移，并进入状态 81
    MINUS   偏移，并进入状态 82
    STAR    偏移，并进入状态 83


状态 74

   66 expr: expr • PLUS expr
   67     | expr • MINUS expr
   68     | expr • STAR expr
   69     | expr • DIV expr
   71     | MINUS expr •

    $default  使用规则 71 以归约 (expr)


状态 75

   74 expr_cell: ID DOT • ID

    ID  偏移，并进入状态 96


状态 76

   75 expr_cell: AGGREGATION_FUNC LBRACE • ID RBRACE
   76          | AGGREGATION_FUNC LBRACE • ID DOT ID RBRACE
   77          | AGGREGATION_FUNC LBRACE • STAR RBRACE
   78          | AGGREGATION_FUNC LBRACE • number RBRACE

    NUMBER  偏移，并进入状态 97
    ID      偏移，并进入状态 98
    STAR    偏移，并进入状态 99

    number  转到状态 100


状态 77

   60 select: SELECT select_list FROM • rel where group_by having order_by SEMICOLON

    ID  偏移，并进入状态 101

    rel  转到状态 102


状态 78

   65 selects_expression_all: selects_expression_all COMMA • selects_expression_all

    LBRACE            偏移，并进入状态 41
    NULL_             偏移，并进入状态 42
    MINUS             偏移，并进入状态 43
    NUMBER            偏移，并进入状态 44
    FLOAT             偏移，并进入状态 45
    ID                偏移，并进入状态 46
    AGGREGATION_FUNC  偏移，并进入状态 47
    SSS               偏移，并进入状态 48
    DATE_STR          偏移，并进入状态 50

    value                   转到状态 51
    selects_expression_all  转到状态 103
    expr                    转到状态 54
    expr_cell               转到状态 55


状态 79

   64 selects_expression_all: expr AS • ID

    ID  偏移，并进入状态 104


状态 80

   66 expr: expr PLUS • expr

    LBRACE            偏移，并进入状态 41
    NULL_             偏移，并进入状态 42
    MINUS             偏移，并进入状态 43
    NUMBER            偏移，并进入状态 44
    FLOAT             偏移，并进入状态 45
    ID                偏移，并进入状态 46
    AGGREGATION_FUNC  偏移，并进入状态 47
    SSS               偏移，并进入状态 48
    DATE_STR          偏移，并进入状态 50

    value      转到状态 51
    expr       转到状态 105
    expr_cell  转到状态 55


状态 81

   69 expr: expr DIV • expr

    LBRACE            偏移，并进入状态 41
    NULL_             偏移，并进入状态 42
    MINUS             偏移，并进入状态 43
    NUMBER            偏移，并进入状态 44
    FLOAT             偏移，并进入状态 45
    ID                偏移，并进入状态 46
    AGGREGATION_FUNC  偏移，并进入状态 47
    SSS               偏移，并进入状态 48
    DATE_STR          偏移，并进入状态 50

    value      转到状态 51
    expr       转到状态 106
    expr_cell  转到状态 55


状态 82

   67 expr: expr MINUS • expr

    LBRACE            偏移，并进入状态 41
    NULL_             偏移，并进入状态 42
    MINUS             偏移，并进入状态 43
    NUMBER            偏移，并进入状态 44
    FLOAT             偏移，并进入状态 45
    ID                偏移，并进入状态 46
    AGGREGATION_FUNC  偏移，并进入状态 47
    SSS               偏移，并进入状态 48
    DATE_STR          偏移，并进入状态 50

    value      转到状态 51
    expr       转到状态 107
    expr_cell  转到状态 55


状态 83

   68 expr: expr STAR • expr

    LBRACE            偏移，并进入状态 41
    NULL_             偏移，并进入状态 42
    MINUS             偏移，并进入状态 43
    NUMBER            偏移，并进入状态 44
    FLOAT             偏移，并进入状态 45
    ID                偏移，并进入状态 46
    AGGREGATION_FUNC  偏移，并进入状态 47
    SSS               偏移，并进入状态 48
    DATE_STR          偏移，并进入状态 50

    value      转到状态 51
    expr       转到状态 108
    expr_cell  转到状态 55


状态 84

   29 desc_table: DESC ID SEMICOLON •

    $default  使用规则 29 以归约 (desc_table)


状态 85

   28 show_tables: SHOW TABLES SEMICOLON •

    $default  使用规则 28 以归约 (show_tables)


状态 86

   32 show_index: SHOW INDEX FROM • ID SEMICOLON

    ID  偏移，并进入状态 109


状态 87

   47 insert: INSERT INTO ID • VALUES value_tuple value_tuple_list SEMICOLON

    VALUES  偏移，并进入状态 110


状态 88

   58 delete: DELETE FROM ID • where SEMICOLON

    WHERE  偏移，并进入状态 111

    $default  使用规则 89 以归约 (where)

    where  转到状态 112


状态 89

   59 update: UPDATE ID SET • ID EQ value where SEMICOLON

    ID  偏移，并进入状态 113


状态 90

  123 load_data: LOAD DATA INFILE • SSS INTO TABLE ID SEMICOLON

    SSS  偏移，并进入状态 114


状态 91

   33 create_table: CREATE TABLE ID LBRACE • attr_def attr_def_list RBRACE SEMICOLON

    ID  偏移，并进入状态 115

    attr_def  转到状态 116
    ID_get    转到状态 117


状态 92

   30 create_index: CREATE INDEX ID ON • ID LBRACE ID RBRACE SEMICOLON

    ID  偏移，并进入状态 118


状态 93

   27 drop_table: DROP TABLE ID SEMICOLON •

    $default  使用规则 27 以归约 (drop_table)


状态 94

   31 drop_index: DROP INDEX ID SEMICOLON •

    $default  使用规则 31 以归约 (drop_index)


状态 95

   70 expr: LBRACE expr RBRACE •

    $default  使用规则 70 以归约 (expr)


状态 96

   74 expr_cell: ID DOT ID •

    $default  使用规则 74 以归约 (expr_cell)


状态 97

   40 number: NUMBER •

    $default  使用规则 40 以归约 (number)


状态 98

   75 expr_cell: AGGREGATION_FUNC LBRACE ID • RBRACE
   76          | AGGREGATION_FUNC LBRACE ID • DOT ID RBRACE

    RBRACE  偏移，并进入状态 119
    DOT     偏移，并进入状态 120


状态 99

   77 expr_cell: AGGREGATION_FUNC LBRACE STAR • RBRACE

    RBRACE  偏移，并进入状态 121


状态 100

   78 expr_cell: AGGREGATION_FUNC LBRACE number • RBRACE

    RBRACE  偏移，并进入状态 122


状态 101

   80 rel: ID • rel_list
   81    | ID • AS ID rel_list

    COMMA  偏移，并进入状态 123
    INNER  偏移，并进入状态 124
    AS     偏移，并进入状态 125

    $default  使用规则 82 以归约 (rel_list)

    rel_list  转到状态 126


状态 102

   60 select: SELECT select_list FROM rel • where group_by having order_by SEMICOLON

    WHERE  偏移，并进入状态 111

    $default  使用规则 89 以归约 (where)

    where  转到状态 127


状态 103

   65 selects_expression_all: selects_expression_all • COMMA selects_expression_all
   65                       | selects_expression_all COMMA selects_expression_all •

    COMMA  偏移，并进入状态 78

    COMMA     [使用规则 65 以归约 (selects_expression_all)]
    $default  使用规则 65 以归约 (selects_expression_all)


状态 104

   64 selects_expression_all: expr AS ID •

    $default  使用规则 64 以归约 (selects_expression_all)


状态 105

   66 expr: expr • PLUS expr
   66     | expr PLUS expr •
   67     | expr • MINUS expr
   68     | expr • STAR expr
   69     | expr • DIV expr

    DIV   偏移，并进入状态 81
    STAR  偏移，并进入状态 83

    $default  使用规则 66 以归约 (expr)


状态 106

   66 expr: expr • PLUS expr
   67     | expr • MINUS expr
   68     | expr • STAR expr
   69     | expr • DIV expr
   69     | expr DIV expr •

    $default  使用规则 69 以归约 (expr)


状态 107

   66 expr: expr • PLUS expr
   67     | expr • MINUS expr
   67     | expr MINUS expr •
   68     | expr • STAR expr
   69     | expr • DIV expr

    DIV   偏移，并进入状态 81
    STAR  偏移，并进入状态 83

    $default  使用规则 67 以归约 (expr)


状态 108

   66 expr: expr • PLUS expr
   67     | expr • MINUS expr
   68     | expr • STAR expr
   68     | expr STAR expr •
   69     | expr • DIV expr

    $default  使用规则 68 以归约 (expr)


状态 109

   32 show_index: SHOW INDEX FROM ID • SEMICOLON

    SEMICOLON  偏移，并进入状态 128


状态 110

   47 insert: INSERT INTO ID VALUES • value_tuple value_tuple_list SEMICOLON

    LBRACE  偏移，并进入状态 129

    value_tuple  转到状态 130


状态 111

   90 where: WHERE • condition condition_list

    LBRACE            偏移，并进入状态 41
    NULL_             偏移，并进入状态 42
    MINUS             偏移，并进入状态 43
    NUMBER            偏移，并进入状态 44
    FLOAT             偏移，并进入状态 45
    ID                偏移，并进入状态 46
    AGGREGATION_FUNC  偏移，并进入状态 47
    SSS               偏移，并进入状态 48
    DATE_STR          偏移，并进入状态 50

    value                     转到状态 51
    expr                      转到状态 131
    expr_cell                 转到状态 55
    condition                 转到状态 132
    condition_expression_all  转到状态 133


状态 112

   58 delete: DELETE FROM ID where • SEMICOLON

    SEMICOLON  偏移，并进入状态 134


状态 113

   59 update: UPDATE ID SET ID • EQ value where SEMICOLON

    EQ  偏移，并进入状态 135


状态 114

  123 load_data: LOAD DATA INFILE SSS • INTO TABLE ID SEMICOLON

    INTO  偏移，并进入状态 136


状态 115

   46 ID_get: ID •

    $default  使用规则 46 以归约 (ID_get)


状态 116

   33 create_table: CREATE TABLE ID LBRACE attr_def • attr_def_list RBRACE SEMICOLON

    COMMA  偏移，并进入状态 137

    $default  使用规则 34 以归约 (attr_def_list)

    attr_def_list  转到状态 138


状态 117

   36 attr_def: ID_get • type LBRACE number RBRACE
   37         | ID_get • type
   38         | ID_get • type NULLABLE LBRACE number RBRACE
   39         | ID_get • type NULLABLE

    DATE_T    偏移，并进入状态 139
    INT_T     偏移，并进入状态 140
    STRING_T  偏移，并进入状态 141
    FLOAT_T   偏移，并进入状态 142
    TEXT_T    偏移，并进入状态 143

    type  转到状态 144


状态 118

   30 create_index: CREATE INDEX ID ON ID • LBRACE ID RBRACE SEMICOLON

    LBRACE  偏移，并进入状态 145


状态 119

   75 expr_cell: AGGREGATION_FUNC LBRACE ID RBRACE •

    $default  使用规则 75 以归约 (expr_cell)


状态 120

   76 expr_cell: AGGREGATION_FUNC LBRACE ID DOT • ID RBRACE

    ID  偏移，并进入状态 146


状态 121

   77 expr_cell: AGGREGATION_FUNC LBRACE STAR RBRACE •

    $default  使用规则 77 以归约 (expr_cell)


状态 122

   78 expr_cell: AGGREGATION_FUNC LBRACE number RBRACE •

    $default  使用规则 78 以归约 (expr_cell)


状态 123

   83 rel_list: COMMA • ID rel_list
   84         | COMMA • ID AS ID rel_list

    ID  偏移，并进入状态 147


状态 124

   85 rel_list: INNER • JOIN ID rel_list
   86         | INNER • JOIN ID AS ID rel_list
   87         | INNER • JOIN ID ON condition condition_list rel_list
   88         | INNER • JOIN ID AS ID ON condition condition_list rel_list

    JOIN  偏移，并进入状态 148


状态 125

   81 rel: ID AS • ID rel_list

    ID  偏移，并进入状态 149


状态 126

   80 rel: ID rel_list •

    $default  使用规则 80 以归约 (rel)


状态 127

   60 select: SELECT select_list FROM rel where • group_by having order_by SEMICOLON

    GROUP  偏移，并进入状态 150

    $default  使用规则 99 以归约 (group_by)

    group_by  转到状态 151


状态 128

   32 show_index: SHOW INDEX FROM ID SEMICOLON •

    $default  使用规则 32 以归约 (show_index)


状态 129

   48 value_tuple: LBRACE • value value_list RBRACE

    NULL_     偏移，并进入状态 42
    NUMBER    偏移，并进入状态 44
    FLOAT     偏移，并进入状态 45
    SSS       偏移，并进入状态 48
    DATE_STR  偏移，并进入状态 50

    value  转到状态 152


状态 130

   47 insert: INSERT INTO ID VALUES value_tuple • value_tuple_list SEMICOLON

    COMMA  偏移，并进入状态 153

    $default  使用规则 49 以归约 (value_tuple_list)

    value_tuple_list  转到状态 154


状态 131

   66 expr: expr • PLUS expr
   67     | expr • MINUS expr
   68     | expr • STAR expr
   69     | expr • DIV expr
  114 condition_expression_all: expr •

    PLUS   偏移，并进入状态 80
    DIV    偏移，并进入状态 81
    MINUS  偏移，并进入状态 82
    STAR   偏移，并进入状态 83

    $default  使用规则 114 以归约 (condition_expression_all)


状态 132

   90 where: WHERE condition • condition_list

    AND  偏移，并进入状态 155

    $default  使用规则 92 以归约 (condition_list)

    condition_list  转到状态 156


状态 133

   91 condition: condition_expression_all • comOp condition_expression_all

    NOT    偏移，并进入状态 157
    LIKE_  偏移，并进入状态 158
    EQ     偏移，并进入状态 159
    LT     偏移，并进入状态 160
    GT     偏移，并进入状态 161
    LE     偏移，并进入状态 162
    GE     偏移，并进入状态 163
    NE     偏移，并进入状态 164

    comOp  转到状态 165


状态 134

   58 delete: DELETE FROM ID where SEMICOLON •

    $default  使用规则 58 以归约 (delete)


状态 135

   59 update: UPDATE ID SET ID EQ • value where SEMICOLON

    NULL_     偏移，并进入状态 42
    NUMBER    偏移，并进入状态 44
    FLOAT     偏移，并进入状态 45
    SSS       偏移，并进入状态 48
    DATE_STR  偏移，并进入状态 50

    value  转到状态 166


状态 136

  123 load_data: LOAD DATA INFILE SSS INTO • TABLE ID SEMICOLON

    TABLE  偏移，并进入状态 167


状态 137

   35 attr_def_list: COMMA • attr_def attr_def_list

    ID  偏移，并进入状态 115

    attr_def  转到状态 168
    ID_get    转到状态 117


状态 138

   33 create_table: CREATE TABLE ID LBRACE attr_def attr_def_list • RBRACE SEMICOLON

    RBRACE  偏移，并进入状态 169


状态 139

   44 type: DATE_T •

    $default  使用规则 44 以归约 (type)


状态 140

   41 type: INT_T •

    $default  使用规则 41 以归约 (type)


状态 141

   42 type: STRING_T •

    $default  使用规则 42 以归约 (type)


状态 142

   43 type: FLOAT_T •

    $default  使用规则 43 以归约 (type)


状态 143

   45 type: TEXT_T •

    $default  使用规则 45 以归约 (type)


状态 144

   36 attr_def: ID_get type • LBRACE number RBRACE
   37         | ID_get type •
   38         | ID_get type • NULLABLE LBRACE number RBRACE
   39         | ID_get type • NULLABLE

    LBRACE    偏移，并进入状态 170
    NULLABLE  偏移，并进入状态 171

    $default  使用规则 37 以归约 (attr_def)


状态 145

   30 create_index: CREATE INDEX ID ON ID LBRACE • ID RBRACE SEMICOLON

    ID  偏移，并进入状态 172


状态 146

   76 expr_cell: AGGREGATION_FUNC LBRACE ID DOT ID • RBRACE

    RBRACE  偏移，并进入状态 173


状态 147

   83 rel_list: COMMA ID • rel_list
   84         | COMMA ID • AS ID rel_list

    COMMA  偏移，并进入状态 123
    INNER  偏移，并进入状态 124
    AS     偏移，并进入状态 174

    $default  使用规则 82 以归约 (rel_list)

    rel_list  转到状态 175


状态 148

   85 rel_list: INNER JOIN • ID rel_list
   86         | INNER JOIN • ID AS ID rel_list
   87         | INNER JOIN • ID ON condition condition_list rel_list
   88         | INNER JOIN • ID AS ID ON condition condition_list rel_list

    ID  偏移，并进入状态 176


状态 149

   81 rel: ID AS ID • rel_list

    COMMA  偏移，并进入状态 123
    INNER  偏移，并进入状态 124

    $default  使用规则 82 以归约 (rel_list)

    rel_list  转到状态 177


状态 150

  100 group_by: GROUP • BY ID group_by_rel_list
  101         | GROUP • BY ID DOT ID group_by_rel_list

    BY  偏移，并进入状态 178


状态 151

   60 select: SELECT select_list FROM rel where group_by • having order_by SEMICOLON

    HAVING  偏移，并进入状态 179

    $default  使用规则 94 以归约 (having)

    having  转到状态 180


状态 152

   48 value_tuple: LBRACE value • value_list RBRACE

    COMMA  偏移，并进入状态 181

    $default  使用规则 51 以归约 (value_list)

    value_list  转到状态 182


状态 153

   50 value_tuple_list: COMMA • value_tuple value_tuple_list

    LBRACE  偏移，并进入状态 129

    value_tuple  转到状态 183


状态 154

   47 insert: INSERT INTO ID VALUES value_tuple value_tuple_list • SEMICOLON

    SEMICOLON  偏移，并进入状态 184


状态 155

   93 condition_list: AND • condition condition_list

    LBRACE            偏移，并进入状态 41
    NULL_             偏移，并进入状态 42
    MINUS             偏移，并进入状态 43
    NUMBER            偏移，并进入状态 44
    FLOAT             偏移，并进入状态 45
    ID                偏移，并进入状态 46
    AGGREGATION_FUNC  偏移，并进入状态 47
    SSS               偏移，并进入状态 48
    DATE_STR          偏移，并进入状态 50

    value                     转到状态 51
    expr                      转到状态 131
    expr_cell                 转到状态 55
    condition                 转到状态 185
    condition_expression_all  转到状态 133


状态 156

   90 where: WHERE condition condition_list •

    $default  使用规则 90 以归约 (where)


状态 157

  121 comOp: NOT • LIKE_

    LIKE_  偏移，并进入状态 186


状态 158

  122 comOp: LIKE_ •

    $default  使用规则 122 以归约 (comOp)


状态 159

  115 comOp: EQ •

    $default  使用规则 115 以归约 (comOp)


状态 160

  116 comOp: LT •

    $default  使用规则 116 以归约 (comOp)


状态 161

  117 comOp: GT •

    $default  使用规则 117 以归约 (comOp)


状态 162

  118 comOp: LE •

    $default  使用规则 118 以归约 (comOp)


状态 163

  119 comOp: GE •

    $default  使用规则 119 以归约 (comOp)


状态 164

  120 comOp: NE •

    $default  使用规则 120 以归约 (comOp)


状态 165

   91 condition: condition_expression_all comOp • condition_expression_all

    LBRACE            偏移，并进入状态 41
    NULL_             偏移，并进入状态 42
    MINUS             偏移，并进入状态 43
    NUMBER            偏移，并进入状态 44
    FLOAT             偏移，并进入状态 45
    ID                偏移，并进入状态 46
    AGGREGATION_FUNC  偏移，并进入状态 47
    SSS               偏移，并进入状态 48
    DATE_STR          偏移，并进入状态 50

    value                     转到状态 51
    expr                      转到状态 131
    expr_cell                 转到状态 55
    condition_expression_all  转到状态 187


状态 166

   59 update: UPDATE ID SET ID EQ value • where SEMICOLON

    WHERE  偏移，并进入状态 111

    $default  使用规则 89 以归约 (where)

    where  转到状态 188


状态 167

  123 load_data: LOAD DATA INFILE SSS INTO TABLE • ID SEMICOLON

    ID  偏移，并进入状态 189


状态 168

   35 attr_def_list: COMMA attr_def • attr_def_list

    COMMA  偏移，并进入状态 137

    $default  使用规则 34 以归约 (attr_def_list)

    attr_def_list  转到状态 190


状态 169

   33 create_table: CREATE TABLE ID LBRACE attr_def attr_def_list RBRACE • SEMICOLON

    SEMICOLON  偏移，并进入状态 191


状态 170

   36 attr_def: ID_get type LBRACE • number RBRACE

    NUMBER  偏移，并进入状态 97

    number  转到状态 192


状态 171

   38 attr_def: ID_get type NULLABLE • LBRACE number RBRACE
   39         | ID_get type NULLABLE •

    LBRACE  偏移，并进入状态 193

    $default  使用规则 39 以归约 (attr_def)


状态 172

   30 create_index: CREATE INDEX ID ON ID LBRACE ID • RBRACE SEMICOLON

    RBRACE  偏移，并进入状态 194


状态 173

   76 expr_cell: AGGREGATION_FUNC LBRACE ID DOT ID RBRACE •

    $default  使用规则 76 以归约 (expr_cell)


状态 174

   84 rel_list: COMMA ID AS • ID rel_list

    ID  偏移，并进入状态 195


状态 175

   83 rel_list: COMMA ID rel_list •

    $default  使用规则 83 以归约 (rel_list)


状态 176

   85 rel_list: INNER JOIN ID • rel_list
   86         | INNER JOIN ID • AS ID rel_list
   87         | INNER JOIN ID • ON condition condition_list rel_list
   88         | INNER JOIN ID • AS ID ON condition condition_list rel_list

    COMMA  偏移，并进入状态 123
    INNER  偏移，并进入状态 124
    ON     偏移，并进入状态 196
    AS     偏移，并进入状态 197

    $default  使用规则 82 以归约 (rel_list)

    rel_list  转到状态 198


状态 177

   81 rel: ID AS ID rel_list •

    $default  使用规则 81 以归约 (rel)


状态 178

  100 group_by: GROUP BY • ID group_by_rel_list
  101         | GROUP BY • ID DOT ID group_by_rel_list

    ID  偏移，并进入状态 199


状态 179

   95 having: HAVING • having_condition having_condition_list

    LBRACE            偏移，并进入状态 41
    NULL_             偏移，并进入状态 42
    MINUS             偏移，并进入状态 43
    NUMBER            偏移，并进入状态 44
    FLOAT             偏移，并进入状态 45
    ID                偏移，并进入状态 46
    AGGREGATION_FUNC  偏移，并进入状态 47
    SSS               偏移，并进入状态 48
    DATE_STR          偏移，并进入状态 50

    value                     转到状态 51
    expr                      转到状态 131
    expr_cell                 转到状态 55
    having_condition          转到状态 200
    condition_expression_all  转到状态 201


状态 180

   60 select: SELECT select_list FROM rel where group_by having • order_by SEMICOLON

    ORDER  偏移，并进入状态 202

    $default  使用规则 105 以归约 (order_by)

    order_by  转到状态 203


状态 181

   52 value_list: COMMA • value value_list

    NULL_     偏移，并进入状态 42
    NUMBER    偏移，并进入状态 44
    FLOAT     偏移，并进入状态 45
    SSS       偏移，并进入状态 48
    DATE_STR  偏移，并进入状态 50

    value  转到状态 204


状态 182

   48 value_tuple: LBRACE value value_list • RBRACE

    RBRACE  偏移，并进入状态 205


状态 183

   50 value_tuple_list: COMMA value_tuple • value_tuple_list

    COMMA  偏移，并进入状态 153

    $default  使用规则 49 以归约 (value_tuple_list)

    value_tuple_list  转到状态 206


状态 184

   47 insert: INSERT INTO ID VALUES value_tuple value_tuple_list SEMICOLON •

    $default  使用规则 47 以归约 (insert)


状态 185

   93 condition_list: AND condition • condition_list

    AND  偏移，并进入状态 155

    $default  使用规则 92 以归约 (condition_list)

    condition_list  转到状态 207


状态 186

  121 comOp: NOT LIKE_ •

    $default  使用规则 121 以归约 (comOp)


状态 187

   91 condition: condition_expression_all comOp condition_expression_all •

    $default  使用规则 91 以归约 (condition)


状态 188

   59 update: UPDATE ID SET ID EQ value where • SEMICOLON

    SEMICOLON  偏移，并进入状态 208


状态 189

  123 load_data: LOAD DATA INFILE SSS INTO TABLE ID • SEMICOLON

    SEMICOLON  偏移，并进入状态 209


状态 190

   35 attr_def_list: COMMA attr_def attr_def_list •

    $default  使用规则 35 以归约 (attr_def_list)


状态 191

   33 create_table: CREATE TABLE ID LBRACE attr_def attr_def_list RBRACE SEMICOLON •

    $default  使用规则 33 以归约 (create_table)


状态 192

   36 attr_def: ID_get type LBRACE number • RBRACE

    RBRACE  偏移，并进入状态 210


状态 193

   38 attr_def: ID_get type NULLABLE LBRACE • number RBRACE

    NUMBER  偏移，并进入状态 97

    number  转到状态 211


状态 194

   30 create_index: CREATE INDEX ID ON ID LBRACE ID RBRACE • SEMICOLON

    SEMICOLON  偏移，并进入状态 212


状态 195

   84 rel_list: COMMA ID AS ID • rel_list

    COMMA  偏移，并进入状态 123
    INNER  偏移，并进入状态 124

    $default  使用规则 82 以归约 (rel_list)

    rel_list  转到状态 213


状态 196

   87 rel_list: INNER JOIN ID ON • condition condition_list rel_list

    LBRACE            偏移，并进入状态 41
    NULL_             偏移，并进入状态 42
    MINUS             偏移，并进入状态 43
    NUMBER            偏移，并进入状态 44
    FLOAT             偏移，并进入状态 45
    ID                偏移，并进入状态 46
    AGGREGATION_FUNC  偏移，并进入状态 47
    SSS               偏移，并进入状态 48
    DATE_STR          偏移，并进入状态 50

    value                     转到状态 51
    expr                      转到状态 131
    expr_cell                 转到状态 55
    condition                 转到状态 214
    condition_expression_all  转到状态 133


状态 197

   86 rel_list: INNER JOIN ID AS • ID rel_list
   88         | INNER JOIN ID AS • ID ON condition condition_list rel_list

    ID  偏移，并进入状态 215


状态 198

   85 rel_list: INNER JOIN ID rel_list •

    $default  使用规则 85 以归约 (rel_list)


状态 199

  100 group_by: GROUP BY ID • group_by_rel_list
  101         | GROUP BY ID • DOT ID group_by_rel_list

    COMMA  偏移，并进入状态 216
    DOT    偏移，并进入状态 217

    $default  使用规则 102 以归约 (group_by_rel_list)

    group_by_rel_list  转到状态 218


状态 200

   95 having: HAVING having_condition • having_condition_list

    AND  偏移，并进入状态 219

    $default  使用规则 97 以归约 (having_condition_list)

    having_condition_list  转到状态 220


状态 201

   96 having_condition: condition_expression_all • comOp condition_expression_all

    NOT    偏移，并进入状态 157
    LIKE_  偏移，并进入状态 158
    EQ     偏移，并进入状态 159
    LT     偏移，并进入状态 160
    GT     偏移，并进入状态 161
    LE     偏移，并进入状态 162
    GE     偏移，并进入状态 163
    NE     偏移，并进入状态 164

    comOp  转到状态 221


状态 202

  106 order_by: ORDER • BY ID od_type order_by_info
  107         | ORDER • BY ID DOT ID od_type order_by_info

    BY  偏移，并进入状态 222


状态 203

   60 select: SELECT select_list FROM rel where group_by having order_by • SEMICOLON

    SEMICOLON  偏移，并进入状态 223


状态 204

   52 value_list: COMMA value • value_list

    COMMA  偏移，并进入状态 181

    $default  使用规则 51 以归约 (value_list)

    value_list  转到状态 224


状态 205

   48 value_tuple: LBRACE value value_list RBRACE •

    $default  使用规则 48 以归约 (value_tuple)


状态 206

   50 value_tuple_list: COMMA value_tuple value_tuple_list •

    $default  使用规则 50 以归约 (value_tuple_list)


状态 207

   93 condition_list: AND condition condition_list •

    $default  使用规则 93 以归约 (condition_list)


状态 208

   59 update: UPDATE ID SET ID EQ value where SEMICOLON •

    $default  使用规则 59 以归约 (update)


状态 209

  123 load_data: LOAD DATA INFILE SSS INTO TABLE ID SEMICOLON •

    $default  使用规则 123 以归约 (load_data)


状态 210

   36 attr_def: ID_get type LBRACE number RBRACE •

    $default  使用规则 36 以归约 (attr_def)


状态 211

   38 attr_def: ID_get type NULLABLE LBRACE number • RBRACE

    RBRACE  偏移，并进入状态 225


状态 212

   30 create_index: CREATE INDEX ID ON ID LBRACE ID RBRACE SEMICOLON •

    $default  使用规则 30 以归约 (create_index)


状态 213

   84 rel_list: COMMA ID AS ID rel_list •

    $default  使用规则 84 以归约 (rel_list)


状态 214

   87 rel_list: INNER JOIN ID ON condition • condition_list rel_list

    AND  偏移，并进入状态 155

    $default  使用规则 92 以归约 (condition_list)

    condition_list  转到状态 226


状态 215

   86 rel_list: INNER JOIN ID AS ID • rel_list
   88         | INNER JOIN ID AS ID • ON condition condition_list rel_list

    COMMA  偏移，并进入状态 123
    INNER  偏移，并进入状态 124
    ON     偏移，并进入状态 227

    $default  使用规则 82 以归约 (rel_list)

    rel_list  转到状态 228


状态 216

  103 group_by_rel_list: COMMA • ID group_by_rel_list
  104                  | COMMA • ID DOT ID group_by_rel_list

    ID  偏移，并进入状态 229


状态 217

  101 group_by: GROUP BY ID DOT • ID group_by_rel_list

    ID  偏移，并进入状态 230


状态 218

  100 group_by: GROUP BY ID group_by_rel_list •

    $default  使用规则 100 以归约 (group_by)


状态 219

   98 having_condition_list: AND • having_condition having_condition_list

    LBRACE            偏移，并进入状态 41
    NULL_             偏移，并进入状态 42
    MINUS             偏移，并进入状态 43
    NUMBER            偏移，并进入状态 44
    FLOAT             偏移，并进入状态 45
    ID                偏移，并进入状态 46
    AGGREGATION_FUNC  偏移，并进入状态 47
    SSS               偏移，并进入状态 48
    DATE_STR          偏移，并进入状态 50

    value                     转到状态 51
    expr                      转到状态 131
    expr_cell                 转到状态 55
    having_condition          转到状态 231
    condition_expression_all  转到状态 201


状态 220

   95 having: HAVING having_condition having_condition_list •

    $default  使用规则 95 以归约 (having)


状态 221

   96 having_condition: condition_expression_all comOp • condition_expression_all

    LBRACE            偏移，并进入状态 41
    NULL_             偏移，并进入状态 42
    MINUS             偏移，并进入状态 43
    NUMBER            偏移，并进入状态 44
    FLOAT             偏移，并进入状态 45
    ID                偏移，并进入状态 46
    AGGREGATION_FUNC  偏移，并进入状态 47
    SSS               偏移，并进入状态 48
    DATE_STR          偏移，并进入状态 50

    value                     转到状态 51
    expr                      转到状态 131
    expr_cell                 转到状态 55
    condition_expression_all  转到状态 232


状态 222

  106 order_by: ORDER BY • ID od_type order_by_info
  107         | ORDER BY • ID DOT ID od_type order_by_info

    ID  偏移，并进入状态 233


状态 223

   60 select: SELECT select_list FROM rel where group_by having order_by SEMICOLON •

    $default  使用规则 60 以归约 (select)


状态 224

   52 value_list: COMMA value value_list •

    $default  使用规则 52 以归约 (value_list)


状态 225

   38 attr_def: ID_get type NULLABLE LBRACE number RBRACE •

    $default  使用规则 38 以归约 (attr_def)


状态 226

   87 rel_list: INNER JOIN ID ON condition condition_list • rel_list

    COMMA  偏移，并进入状态 123
    INNER  偏移，并进入状态 124

    $default  使用规则 82 以归约 (rel_list)

    rel_list  转到状态 234


状态 227

   88 rel_list: INNER JOIN ID AS ID ON • condition condition_list rel_list

    LBRACE            偏移，并进入状态 41
    NULL_             偏移，并进入状态 42
    MINUS             偏移，并进入状态 43
    NUMBER            偏移，并进入状态 44
    FLOAT             偏移，并进入状态 45
    ID                偏移，并进入状态 46
    AGGREGATION_FUNC  偏移，并进入状态 47
    SSS               偏移，并进入状态 48
    DATE_STR          偏移，并进入状态 50

    value                     转到状态 51
    expr                      转到状态 131
    expr_cell                 转到状态 55
    condition                 转到状态 235
    condition_expression_all  转到状态 133


状态 228

   86 rel_list: INNER JOIN ID AS ID rel_list •

    $default  使用规则 86 以归约 (rel_list)


状态 229

  103 group_by_rel_list: COMMA ID • group_by_rel_list
  104                  | COMMA ID • DOT ID group_by_rel_list

    COMMA  偏移，并进入状态 216
    DOT    偏移，并进入状态 236

    $default  使用规则 102 以归约 (group_by_rel_list)

    group_by_rel_list  转到状态 237


状态 230

  101 group_by: GROUP BY ID DOT ID • group_by_rel_list

    COMMA  偏移，并进入状态 216

    $default  使用规则 102 以归约 (group_by_rel_list)

    group_by_rel_list  转到状态 238


状态 231

   98 having_condition_list: AND having_condition • having_condition_list

    AND  偏移，并进入状态 219

    $default  使用规则 97 以归约 (having_condition_list)

    having_condition_list  转到状态 239


状态 232

   96 having_condition: condition_expression_all comOp condition_expression_all •

    $default  使用规则 96 以归约 (having_condition)


状态 233

  106 order_by: ORDER BY ID • od_type order_by_info
  107         | ORDER BY ID • DOT ID od_type order_by_info

    DESC  偏移，并进入状态 240
    ASC   偏移，并进入状态 241
    DOT   偏移，并进入状态 242

    $default  使用规则 108 以归约 (od_type)

    od_type  转到状态 243


状态 234

   87 rel_list: INNER JOIN ID ON condition condition_list rel_list •

    $default  使用规则 87 以归约 (rel_list)


状态 235

   88 rel_list: INNER JOIN ID AS ID ON condition • condition_list rel_list

    AND  偏移，并进入状态 155

    $default  使用规则 92 以归约 (condition_list)

    condition_list  转到状态 244


状态 236

  104 group_by_rel_list: COMMA ID DOT • ID group_by_rel_list

    ID  偏移，并进入状态 245


状态 237

  103 group_by_rel_list: COMMA ID group_by_rel_list •

    $default  使用规则 103 以归约 (group_by_rel_list)


状态 238

  101 group_by: GROUP BY ID DOT ID group_by_rel_list •

    $default  使用规则 101 以归约 (group_by)


状态 239

   98 having_condition_list: AND having_condition having_condition_list •

    $default  使用规则 98 以归约 (having_condition_list)


状态 240

  110 od_type: DESC •

    $default  使用规则 110 以归约 (od_type)


状态 241

  109 od_type: ASC •

    $default  使用规则 109 以归约 (od_type)


状态 242

  107 order_by: ORDER BY ID DOT • ID od_type order_by_info

    ID  偏移，并进入状态 246


状态 243

  106 order_by: ORDER BY ID od_type • order_by_info

    COMMA  偏移，并进入状态 247

    $default  使用规则 111 以归约 (order_by_info)

    order_by_info  转到状态 248


状态 244

   88 rel_list: INNER JOIN ID AS ID ON condition condition_list • rel_list

    COMMA  偏移，并进入状态 123
    INNER  偏移，并进入状态 124

    $default  使用规则 82 以归约 (rel_list)

    rel_list  转到状态 249


状态 245

  104 group_by_rel_list: COMMA ID DOT ID • group_by_rel_list

    COMMA  偏移，并进入状态 216

    $default  使用规则 102 以归约 (group_by_rel_list)

    group_by_rel_list  转到状态 250


状态 246

  107 order_by: ORDER BY ID DOT ID • od_type order_by_info

    DESC  偏移，并进入状态 240
    ASC   偏移，并进入状态 241

    $default  使用规则 108 以归约 (od_type)

    od_type  转到状态 251


状态 247

  112 order_by_info: COMMA • ID od_type order_by_info
  113              | COMMA • ID DOT ID od_type order_by_info

    ID  偏移，并进入状态 252


状态 248

  106 order_by: ORDER BY ID od_type order_by_info •

    $default  使用规则 106 以归约 (order_by)


状态 249

   88 rel_list: INNER JOIN ID AS ID ON condition condition_list rel_list •

    $default  使用规则 88 以归约 (rel_list)


状态 250

  104 group_by_rel_list: COMMA ID DOT ID group_by_rel_list •

    $default  使用规则 104 以归约 (group_by_rel_list)


状态 251

  107 order_by: ORDER BY ID DOT ID od_type • order_by_info

    COMMA  偏移，并进入状态 247

    $default  使用规则 111 以归约 (order_by_info)

    order_by_info  转到状态 253


状态 252

  112 order_by_info: COMMA ID • od_type order_by_info
  113              | COMMA ID • DOT ID od_type order_by_info

    DESC  偏移，并进入状态 240
    ASC   偏移，并进入状态 241
    DOT   偏移，并进入状态 254

    $default  使用规则 108 以归约 (od_type)

    od_type  转到状态 255


状态 253

  107 order_by: ORDER BY ID DOT ID od_type order_by_info •

    $default  使用规则 107 以归约 (order_by)


状态 254

  113 order_by_info: COMMA ID DOT • ID od_type order_by_info

    ID  偏移，并进入状态 256


状态 255

  112 order_by_info: COMMA ID od_type • order_by_info

    COMMA  偏移，并进入状态 247

    $default  使用规则 111 以归约 (order_by_info)

    order_by_info  转到状态 257


状态 256

  113 order_by_info: COMMA ID DOT ID • od_type order_by_info

    DESC  偏移，并进入状态 240
    ASC   偏移，并进入状态 241

    $default  使用规则 108 以归约 (od_type)

    od_type  转到状态 258


状态 257

  112 order_by_info: COMMA ID od_type order_by_info •

    $default  使用规则 112 以归约 (order_by_info)


状态 258

  113 order_by_info: COMMA ID DOT ID od_type • order_by_info

    COMMA  偏移，并进入状态 247

    $default  使用规则 111 以归约 (order_by_info)

    order_by_info  转到状态 259


状态 259

  113 order_by_info: COMMA ID DOT ID od_type order_by_info •

    $default  使用规则 113 以归约 (order_by_info)
